# JRE version: Java(TM) SE Runtime Environment (8.0_131-b11) (build 1.8.0_131-b11)
# Java VM: Java HotSpot(TM) 64-Bit Server VM (25.131-b11 mixed mode windows-amd64 compressed oops)
Heap:
 PSYoungGen      total 365568K, used 219478K [0x00000000e0580000, 0x00000000fca00000, 0x0000000100000000)
  eden space 303616K, 58% used [0x00000000e0580000,0x00000000eb313400,0x00000000f2e00000)
  from space 61952K, 67% used [0x00000000f8d80000,0x00000000fb642618,0x00000000fca00000)
  to   space 79872K, 0% used [0x00000000f2e00000,0x00000000f2e00000,0x00000000f7c00000)
 ParOldGen       total 356864K, used 215384K [0x00000000a1000000, 0x00000000b6c80000, 0x00000000e0580000)
  object space 356864K, 60% used [0x00000000a1000000,0x00000000ae2561b0,0x00000000b6c80000)
 Metaspace       used 6949K, capacity 7416K, committed 7680K, reserved 1056768K
  class space    used 654K, capacity 688K, committed 768K, reserved 1048576K
GC Heap History (10 events):
Event: 15.378 GC heap before
{Heap before GC invocations=13 (full 1):
 PSYoungGen      total 327680K, used 327679K [0x00000000e0580000, 0x00000000f9500000, 0x0000000100000000)
  eden space 282624K, 100% used [0x00000000e0580000,0x00000000f1980000,0x00000000f1980000)
  from space 45056K, 99% used [0x00000000f1980000,0x00000000f457fd40,0x00000000f4580000)
  to   space 61440K, 0% used [0x00000000f5900000,0x00000000f5900000,0x00000000f9500000)
 ParOldGen       total 123392K, used 92648K [0x00000000a1000000, 0x00000000a8880000, 0x00000000e0580000)
  object space 123392K, 75% used [0x00000000a1000000,0x00000000a6a7a030,0x00000000a8880000)
 Metaspace       used 6935K, capacity 7416K, committed 7680K, reserved 1056768K
  class space    used 653K, capacity 688K, committed 768K, reserved 1048576K
Event: 15.685 GC heap after
Heap after GC invocations=13 (full 1):
 PSYoungGen      total 327168K, used 61424K [0x00000000e0580000, 0x0000000100000000, 0x0000000100000000)
  eden space 265728K, 0% used [0x00000000e0580000,0x00000000e0580000,0x00000000f0900000)
  from space 61440K, 99% used [0x00000000f5900000,0x00000000f94fc098,0x00000000f9500000)
  to   space 81920K, 0% used [0x00000000f0900000,0x00000000f0900000,0x00000000f5900000)
 ParOldGen       total 123392K, used 120754K [0x00000000a1000000, 0x00000000a8880000, 0x00000000e0580000)
  object space 123392K, 97% used [0x00000000a1000000,0x00000000a85ec800,0x00000000a8880000)
 Metaspace       used 6935K, capacity 7416K, committed 7680K, reserved 1056768K
  class space    used 653K, capacity 688K, committed 768K, reserved 1048576K
}
Event: 15.685 GC heap before
{Heap before GC invocations=14 (full 2):
 PSYoungGen      total 327168K, used 61424K [0x00000000e0580000, 0x0000000100000000, 0x0000000100000000)
  eden space 265728K, 0% used [0x00000000e0580000,0x00000000e0580000,0x00000000f0900000)
  from space 61440K, 99% used [0x00000000f5900000,0x00000000f94fc098,0x00000000f9500000)
  to   space 81920K, 0% used [0x00000000f0900000,0x00000000f0900000,0x00000000f5900000)
 ParOldGen       total 123392K, used 120754K [0x00000000a1000000, 0x00000000a8880000, 0x00000000e0580000)
  object space 123392K, 97% used [0x00000000a1000000,0x00000000a85ec800,0x00000000a8880000)
 Metaspace       used 6935K, capacity 7416K, committed 7680K, reserved 1056768K
  class space    used 653K, capacity 688K, committed 768K, reserved 1048576K
Event: 17.509 GC heap after
Heap after GC invocations=14 (full 2):
 PSYoungGen      total 327168K, used 54553K [0x00000000e0580000, 0x0000000100000000, 0x0000000100000000)
  eden space 265728K, 0% used [0x00000000e0580000,0x00000000e0580000,0x00000000f0900000)
  from space 61440K, 88% used [0x00000000f5900000,0x00000000f8e46708,0x00000000f9500000)
  to   space 81920K, 0% used [0x00000000f0900000,0x00000000f0900000,0x00000000f5900000)
 ParOldGen       total 219648K, used 123386K [0x00000000a1000000, 0x00000000ae680000, 0x00000000e0580000)
  object space 219648K, 56% used [0x00000000a1000000,0x00000000a887ea58,0x00000000ae680000)
 Metaspace       used 6935K, capacity 7416K, committed 7680K, reserved 1056768K
  class space    used 653K, capacity 688K, committed 768K, reserved 1048576K
}
Event: 19.371 GC heap before
{Heap before GC invocations=15 (full 2):
 PSYoungGen      total 327168K, used 320281K [0x00000000e0580000, 0x0000000100000000, 0x0000000100000000)
  eden space 265728K, 100% used [0x00000000e0580000,0x00000000f0900000,0x00000000f0900000)
  from space 61440K, 88% used [0x00000000f5900000,0x00000000f8e46708,0x00000000f9500000)
  to   space 81920K, 0% used [0x00000000f0900000,0x00000000f0900000,0x00000000f5900000)
 ParOldGen       total 219648K, used 123386K [0x00000000a1000000, 0x00000000ae680000, 0x00000000e0580000)
  object space 219648K, 56% used [0x00000000a1000000,0x00000000a887ea58,0x00000000ae680000)
 Metaspace       used 6941K, capacity 7416K, committed 7680K, reserved 1056768K
  class space    used 654K, capacity 688K, committed 768K, reserved 1048576K
Event: 19.733 GC heap after
Heap after GC invocations=15 (full 2):
 PSYoungGen      total 347648K, used 40077K [0x00000000e0580000, 0x00000000fdc00000, 0x0000000100000000)
  eden space 265728K, 0% used [0x00000000e0580000,0x00000000e0580000,0x00000000f0900000)
  from space 81920K, 48% used [0x00000000f0900000,0x00000000f3023548,0x00000000f5900000)
  to   space 80384K, 0% used [0x00000000f8d80000,0x00000000f8d80000,0x00000000fdc00000)
 ParOldGen       total 219648K, used 177990K [0x00000000a1000000, 0x00000000ae680000, 0x00000000e0580000)
  object space 219648K, 81% used [0x00000000a1000000,0x00000000abdd1910,0x00000000ae680000)
 Metaspace       used 6941K, capacity 7416K, committed 7680K, reserved 1056768K
  class space    used 654K, capacity 688K, committed 768K, reserved 1048576K
}
Event: 19.733 GC heap before
{Heap before GC invocations=16 (full 3):
 PSYoungGen      total 347648K, used 40077K [0x00000000e0580000, 0x00000000fdc00000, 0x0000000100000000)
  eden space 265728K, 0% used [0x00000000e0580000,0x00000000e0580000,0x00000000f0900000)
  from space 81920K, 48% used [0x00000000f0900000,0x00000000f3023548,0x00000000f5900000)
  to   space 80384K, 0% used [0x00000000f8d80000,0x00000000f8d80000,0x00000000fdc00000)
 ParOldGen       total 219648K, used 177990K [0x00000000a1000000, 0x00000000ae680000, 0x00000000e0580000)
  object space 219648K, 81% used [0x00000000a1000000,0x00000000abdd1910,0x00000000ae680000)
 Metaspace       used 6941K, capacity 7416K, committed 7680K, reserved 1056768K
  class space    used 654K, capacity 688K, committed 768K, reserved 1048576K
Event: 21.493 GC heap after
Heap after GC invocations=16 (full 3):
 PSYoungGen      total 347648K, used 0K [0x00000000e0580000, 0x00000000fdc00000, 0x0000000100000000)
  eden space 265728K, 0% used [0x00000000e0580000,0x00000000e0580000,0x00000000f0900000)
  from space 81920K, 0% used [0x00000000f0900000,0x00000000f0900000,0x00000000f5900000)
  to   space 80384K, 0% used [0x00000000f8d80000,0x00000000f8d80000,0x00000000fdc00000)
 ParOldGen       total 356864K, used 215384K [0x00000000a1000000, 0x00000000b6c80000, 0x00000000e0580000)
  object space 356864K, 60% used [0x00000000a1000000,0x00000000ae2561b0,0x00000000b6c80000)
 Metaspace       used 6941K, capacity 7416K, committed 7680K, reserved 1056768K
  class space    used 654K, capacity 688K, committed 768K, reserved 1048576K
}
Event: 22.484 GC heap before
{Heap before GC invocations=17 (full 3):
 PSYoungGen      total 347648K, used 265728K [0x00000000e0580000, 0x00000000fdc00000, 0x0000000100000000)
  eden space 265728K, 100% used [0x00000000e0580000,0x00000000f0900000,0x00000000f0900000)
  from space 81920K, 0% used [0x00000000f0900000,0x00000000f0900000,0x00000000f5900000)
  to   space 80384K, 0% used [0x00000000f8d80000,0x00000000f8d80000,0x00000000fdc00000)
 ParOldGen       total 356864K, used 215384K [0x00000000a1000000, 0x00000000b6c80000, 0x00000000e0580000)
  object space 356864K, 60% used [0x00000000a1000000,0x00000000ae2561b0,0x00000000b6c80000)
 Metaspace       used 6948K, capacity 7416K, committed 7680K, reserved 1056768K
  class space    used 654K, capacity 688K, committed 768K, reserved 1048576K
Event: 22.628 GC heap after
Heap after GC invocations=17 (full 3):
 PSYoungGen      total 365568K, used 41737K [0x00000000e0580000, 0x00000000fca00000, 0x0000000100000000)
  eden space 303616K, 0% used [0x00000000e0580000,0x00000000e0580000,0x00000000f2e00000)
  from space 61952K, 67% used [0x00000000f8d80000,0x00000000fb642618,0x00000000fca00000)
  to   space 79872K, 0% used [0x00000000f2e00000,0x00000000f2e00000,0x00000000f7c00000)
 ParOldGen       total 356864K, used 215384K [0x00000000a1000000, 0x00000000b6c80000, 0x00000000e0580000)
  object space 356864K, 60% used [0x00000000a1000000,0x00000000ae2561b0,0x00000000b6c80000)
 Metaspace       used 6948K, capacity 7416K, committed 7680K, reserved 1056768K
  class space    used 654K, capacity 688K, committed 768K, reserved 1048576K
}

